<?xml version="1.0" encoding="UTF-8"?>
<testsuite xmlns:xsi="http://www.w3.org/2001/XMLSchema-instance" xsi:schemaLocation="https://maven.apache.org/surefire/maven-surefire-plugin/xsd/surefire-test-report.xsd" name="org.apache.commons.dbutils.ProxyFactoryTest" time="0" tests="9" errors="0" skipped="0" failures="0">
  <properties>
[...]
</properties>
  <testcase name="testCreatePreparedStatement" classname="org.apache.commons.dbutils.ProxyFactoryTest" time="0"/>
  <testcase name="testCreateConnection" classname="org.apache.commons.dbutils.ProxyFactoryTest" time="0"/>
  <testcase name="testCreateStatement" classname="org.apache.commons.dbutils.ProxyFactoryTest" time="0"/>
  <testcase name="testCreateResultSet" classname="org.apache.commons.dbutils.ProxyFactoryTest" time="0"/>
  <testcase name="testCreateCallableStatement" classname="org.apache.commons.dbutils.ProxyFactoryTest" time="0"/>
  <testcase name="testCreateResultSetMetaData" classname="org.apache.commons.dbutils.ProxyFactoryTest" time="0"/>
  <testcase name="testCreateDriver" classname="org.apache.commons.dbutils.ProxyFactoryTest" time="0"/>
  <testcase name="testResultSets" classname="org.apache.commons.dbutils.ProxyFactoryTest" time="0"/>
  <testcase name="testCheckDataSizes" classname="org.apache.commons.dbutils.ProxyFactoryTest" time="0"/>
</testsuite>